#
# A fatal error has been detected by the Java Runtime Environment:
#
#  EXCEPTION_ACCESS_VIOLATION (0xc0000005) at pc=0x0000000075020d66, pid=26776, tid=0x000000000000cf94
#
# JRE version: OpenJDK Runtime Environment (8.0_262-b10) (build 1.8.0_262-b10)
# Java VM: OpenJDK 64-Bit Server VM (25.262-b10 mixed mode windows-amd64 compressed oops)
# Problematic frame:
# V  [jvm.dll+0x1f0d66]
#
# Failed to write core dump. Minidumps are not enabled by default on client versions of Windows
#
# If you would like to submit a bug report, please visit:
#   http://bugreport.java.com/bugreport/crash.jsp
#

---------------  T H R E A D  ---------------

Current thread (0x00000000029be800):  JavaThread "main" [_thread_in_vm, id=53140, stack(0x00000000028a0000,0x00000000029a0000)]

siginfo: ExceptionCode=0xc0000005, reading address 0x0000000000000000

Registers:
RAX=0x0000000000000000, RBX=0x00000000029be800, RCX=0x0000000000000001, RDX=0x000000000299f158
RSP=0x000000000299f070, RBP=0x00000000feb32df0, RSI=0x0000000000000001, RDI=0x000000000299f138
R8 =0x0000000000000001, R9 =0x00000000feb32df0, R10=0x00007ffef2e40682, R11=0x0000000002beba98
R12=0x0000000000000000, R13=0x000000000299f190, R14=0x000000000299f158, R15=0x00000000029be800
RIP=0x0000000075020d66, EFLAGS=0x0000000000010202

Top of Stack: (sp=0x000000000299f070)
0x000000000299f070:   00000000029be800 0000000000000001
0x000000000299f080:   0000000002a07420 00000000029be800
0x000000000299f090:   00000000029be800 0000000074f89c94
0x000000000299f0a0:   00000000129436f8 0000000002a07420
0x000000000299f0b0:   00000000029b9620 0000000074ed7c1b
0x000000000299f0c0:   00000000029be800 0000000012943788
0x000000000299f0d0:   00000000029be800 0000000012929898
0x000000000299f0e0:   0000000000000000 0000000002bebb7d
0x000000000299f0f0:   0000000000000000 0000000012929898
0x000000000299f100:   000000000299f170 0000000012940cc8
0x000000000299f110:   000000000299f138 0000000000000000
0x000000000299f120:   0000000000000000 00000000feb32df0
0x000000000299f130:   0000000000000000 00000000feb32df0
0x000000000299f140:   000000001293e8c8 00000000000000b8
0x000000000299f150:   000000000299f208 00000000feb00c78
0x000000000299f160:   00000000029b8900 00000000000000b8 

Instructions: (pc=0x0000000075020d66)
0x0000000075020d46:   1b 00 48 8b c3 48 83 c4 20 5b c3 33 c0 48 83 c4
0x0000000075020d56:   20 5b c3 cc cc cc cc cc cc cc 40 53 48 83 ec 20
0x0000000075020d66:   48 8b 59 ff 48 85 db 74 11 80 3d 3c 10 5b 00 00
0x0000000075020d76:   74 08 48 8b cb e8 e0 f3 1b 00 48 8b c3 48 83 c4 


Register to memory mapping:

RAX=0x0000000000000000 is an unknown value
RBX=0x00000000029be800 is a thread
RCX=0x0000000000000001 is an unknown value
RDX=0x000000000299f158 is pointing into the stack for thread: 0x00000000029be800
RSP=0x000000000299f070 is pointing into the stack for thread: 0x00000000029be800
RBP=0x00000000feb32df0 is an oop
[Ljava.lang.Thread; 
 - klass: 'java/lang/Thread'[]
 - length: 4
RSI=0x0000000000000001 is an unknown value
RDI=0x000000000299f138 is pointing into the stack for thread: 0x00000000029be800
R8 =0x0000000000000001 is an unknown value
R9 =0x00000000feb32df0 is an oop
[Ljava.lang.Thread; 
 - klass: 'java/lang/Thread'[]
 - length: 4
R10=0x00007ffef2e40682 is an unknown value
R11=0x0000000002beba98 is at entry_point+24 in (nmethod*)0x0000000002beb910
R12=0x0000000000000000 is an unknown value
R13=0x000000000299f190 is pointing into the stack for thread: 0x00000000029be800
R14=0x000000000299f158 is pointing into the stack for thread: 0x00000000029be800
R15=0x00000000029be800 is a thread


Stack: [0x00000000028a0000,0x00000000029a0000],  sp=0x000000000299f070,  free space=1020k
Native frames: (J=compiled Java code, j=interpreted, Vv=VM code, C=native code)
V  [jvm.dll+0x1f0d66]
V  [jvm.dll+0x159c94]
C  0x0000000002bebb7d

Java frames: (J=compiled Java code, j=interpreted, Vv=VM code)
J 12  java.lang.System.arraycopy(Ljava/lang/Object;ILjava/lang/Object;II)V (0 bytes) @ 0x0000000002bebafb [0x0000000002beba80+0x7b]
j  java.lang.ThreadGroup.remove(Ljava/lang/Thread;)V+59
j  java.lang.ThreadGroup.threadTerminated(Ljava/lang/Thread;)V+6
j  java.lang.Thread.exit()V+12
v  ~StubRoutines::call_stub

---------------  P R O C E S S  ---------------

Java Threads: ( => current thread )
  0x0000000015181800 JavaThread "Service Thread" daemon [_thread_blocked, id=36884, stack(0x0000000015de0000,0x0000000015ee0000)]
  0x0000000015124800 JavaThread "C1 CompilerThread3" daemon [_thread_blocked, id=22412, stack(0x0000000015ce0000,0x0000000015de0000)]
  0x0000000015121000 JavaThread "C2 CompilerThread2" daemon [_thread_blocked, id=26916, stack(0x0000000015be0000,0x0000000015ce0000)]
  0x000000001511a000 JavaThread "C2 CompilerThread1" daemon [_thread_blocked, id=59344, stack(0x0000000015ae0000,0x0000000015be0000)]
  0x0000000015117000 JavaThread "C2 CompilerThread0" daemon [_thread_blocked, id=18172, stack(0x00000000159e0000,0x0000000015ae0000)]
  0x0000000015111000 JavaThread "Attach Listener" daemon [_thread_blocked, id=59280, stack(0x00000000158e0000,0x00000000159e0000)]
  0x0000000015110000 JavaThread "Signal Dispatcher" daemon [_thread_blocked, id=4616, stack(0x00000000157e0000,0x00000000158e0000)]
  0x0000000002add800 JavaThread "Finalizer" daemon [_thread_blocked, id=21308, stack(0x00000000155e0000,0x00000000156e0000)]
  0x0000000015100800 JavaThread "Reference Handler" daemon [_thread_blocked, id=24188, stack(0x00000000154e0000,0x00000000155e0000)]
=>0x00000000029be800 JavaThread "main" [_thread_in_vm, id=53140, stack(0x00000000028a0000,0x00000000029a0000)]

Other Threads:
  0x00000000132f6800 VMThread [stack: 0x0000000014fe0000,0x00000000150e0000] [id=56288]
  0x000000001515f000 WatcherThread [stack: 0x0000000015ee0000,0x0000000015fe0000] [id=12068]

VM state:not at safepoint (normal execution)

VM Mutex/Monitor currently owned by a thread: None

heap address: 0x00000000fc000000, size: 64 MB, Compressed Oops mode: 32-bit
Narrow klass base: 0x0000000000000000, Narrow klass shift: 3
Compressed class space size: 1073741824 Address: 0x0000000100000000

Heap:
 PSYoungGen      total 18944K, used 655K [0x00000000feb00000, 0x0000000100000000, 0x0000000100000000)
  eden space 16384K, 4% used [0x00000000feb00000,0x00000000feba3dd0,0x00000000ffb00000)
  from space 2560K, 0% used [0x00000000ffd80000,0x00000000ffd80000,0x0000000100000000)
  to   space 2560K, 0% used [0x00000000ffb00000,0x00000000ffb00000,0x00000000ffd80000)
 ParOldGen       total 44032K, used 0K [0x00000000fc000000, 0x00000000feb00000, 0x00000000feb00000)
  object space 44032K, 0% used [0x00000000fc000000,0x00000000fc000000,0x00000000feb00000)
 Metaspace       used 2327K, capacity 4480K, committed 4480K, reserved 1056768K
  class space    used 247K, capacity 384K, committed 384K, reserved 1048576K

Card table byte_map: [0x0000000011ea0000,0x0000000011ed0000] byte_map_base: 0x00000000116c0000

Marking Bits: (ParMarkBitMap*) 0x00000000755dbe90
 Begin Bits: [0x00000000126f0000, 0x00000000127f0000)
 End Bits:   [0x00000000127f0000, 0x00000000128f0000)

Polling page: 0x00000000007f0000

CodeCache: size=245760Kb used=1080Kb max_used=1091Kb free=244679Kb
 bounds [0x0000000002ae0000, 0x0000000002d50000, 0x0000000011ae0000]
 total_blobs=239 nmethods=12 adapters=142
 compilation: enabled

Compilation events (10 events):
Event: 0.216 Thread 0x0000000015124800    7       3       java.lang.CharacterDataLatin1::getProperties (11 bytes)
Event: 0.216 Thread 0x0000000015124800 nmethod 7 0x0000000002beb550 code [0x0000000002beb6a0, 0x0000000002beb830]
Event: 0.216 Thread 0x0000000015124800   11       3       java.lang.Object::<init> (1 bytes)
Event: 0.216 Thread 0x0000000015124800 nmethod 11 0x0000000002bebcd0 code [0x0000000002bebe20, 0x0000000002bebf70]
Event: 0.216 Thread 0x0000000015124800    8       3       java.lang.Character::toLowerCase (9 bytes)
Event: 0.216 Thread 0x0000000015124800 nmethod 8 0x0000000002bec010 code [0x0000000002bec180, 0x0000000002bec3b8]
Event: 0.216 Thread 0x0000000015124800    9       3       java.lang.CharacterDataLatin1::toLowerCase (39 bytes)
Event: 0.217 Thread 0x0000000015124800 nmethod 9 0x0000000002bec490 code [0x0000000002bec600, 0x0000000002bec870]
Event: 0.217 Thread 0x0000000015124800   10       3       java.lang.AbstractStringBuilder::append (29 bytes)
Event: 0.217 Thread 0x0000000015124800 nmethod 10 0x0000000002bec9d0 code [0x0000000002becb80, 0x0000000002bed0b8]

GC Heap History (0 events):
No events

Deoptimization events (0 events):
No events

Classes redefined (0 events):
No events

Internal exceptions (5 events):
Event: 0.128 Thread 0x00000000029be800 Exception <a 'java/lang/NoSuchMethodError': Method sun.misc.Unsafe.defineClass(Ljava/lang/String;[BII)Ljava/lang/Class; name or signature does not match> (0x00000000feb07cc0) thrown at [C:\cygwin64\tmp\build\source\java-1.8.0-openjdk\tmp\jdk8u\hotspot\src
Event: 0.128 Thread 0x00000000029be800 Exception <a 'java/lang/NoSuchMethodError': Method sun.misc.Unsafe.prefetchRead(Ljava/lang/Object;J)V name or signature does not match> (0x00000000feb07fa8) thrown at [C:\cygwin64\tmp\build\source\java-1.8.0-openjdk\tmp\jdk8u\hotspot\src\share\vm\prims\jn
Event: 0.216 Thread 0x00000000029be800 Exception <a 'java/lang/NullPointerException'> (0x00000000feb5b4c8) thrown at [C:\cygwin64\tmp\build\source\java-1.8.0-openjdk\tmp\jdk8u\hotspot\src\share\vm\prims\jvm.cpp, line 318]
Event: 0.216 Thread 0x00000000029be800 Exception <a 'java/lang/NullPointerException'> (0x00000000feb5b4c8) thrown at [C:\cygwin64\tmp\build\source\java-1.8.0-openjdk\tmp\jdk8u\hotspot\src\share\vm\prims\jvm.cpp, line 1516]
Event: 0.218 Thread 0x00000000029be800 Exception <a 'java/lang/NullPointerException'> (0x00000000feb5bb58) thrown at [C:\cygwin64\tmp\build\source\java-1.8.0-openjdk\tmp\jdk8u\hotspot\src\share\vm\prims\jvm.cpp, line 318]

Events (10 events):
Event: 0.217 loading class java/lang/Throwable$PrintStreamOrWriter done
Event: 0.217 loading class java/lang/Throwable$WrappedPrintStream done
Event: 0.217 loading class java/util/IdentityHashMap
Event: 0.218 loading class java/util/IdentityHashMap done
Event: 0.218 loading class java/util/IdentityHashMap$KeySet
Event: 0.218 loading class java/util/IdentityHashMap$KeySet done
Event: 0.218 loading class java/io/InterruptedIOException
Event: 0.219 loading class java/io/IOException
Event: 0.219 loading class java/io/IOException done
Event: 0.219 loading class java/io/InterruptedIOException done


Dynamic libraries:
0x00007ff74cc10000 - 0x00007ff74cc45000 	C:\Program Files\OpenJDK\openjdk-8u262-b10\bin\java.exe
0x00007fff07400000 - 0x00007fff075f0000 	C:\WINDOWS\SYSTEM32\ntdll.dll
0x00007fff05a10000 - 0x00007fff05ac2000 	C:\WINDOWS\System32\KERNEL32.DLL
0x00007fff04580000 - 0x00007fff04825000 	C:\WINDOWS\System32\KERNELBASE.dll
0x00007fff06d90000 - 0x00007fff06e33000 	C:\WINDOWS\System32\ADVAPI32.dll
0x00007fff07130000 - 0x00007fff071ce000 	C:\WINDOWS\System32\msvcrt.dll
0x00007fff07200000 - 0x00007fff07297000 	C:\WINDOWS\System32\sechost.dll
0x00007fff05b30000 - 0x00007fff05c50000 	C:\WINDOWS\System32\RPCRT4.dll
0x00007fff05510000 - 0x00007fff056a4000 	C:\WINDOWS\System32\USER32.dll
0x00007fff053b0000 - 0x00007fff053d1000 	C:\WINDOWS\System32\win32u.dll
0x00007fff071d0000 - 0x00007fff071f6000 	C:\WINDOWS\System32\GDI32.dll
0x00007fff04830000 - 0x00007fff049c6000 	C:\WINDOWS\System32\gdi32full.dll
0x00007fff04b00000 - 0x00007fff04b9e000 	C:\WINDOWS\System32\msvcp_win.dll
0x00007fff04a00000 - 0x00007fff04afa000 	C:\WINDOWS\System32\ucrtbase.dll
0x00007ffee1070000 - 0x00007ffee12f4000 	C:\WINDOWS\WinSxS\amd64_microsoft.windows.common-controls_6595b64144ccf1df_6.0.18362.1198_none_9e820b57e45ad92f\COMCTL32.dll
0x00007fff062c0000 - 0x00007fff065f5000 	C:\WINDOWS\System32\combase.dll
0x00007fff05430000 - 0x00007fff054b0000 	C:\WINDOWS\System32\bcryptPrimitives.dll
0x00007fff059e0000 - 0x00007fff05a0e000 	C:\WINDOWS\System32\IMM32.DLL
0x00000000502d0000 - 0x00000000503a2000 	C:\Program Files\OpenJDK\openjdk-8u262-b10\jre\bin\msvcr100.dll
0x0000000074e30000 - 0x0000000075658000 	C:\Program Files\OpenJDK\openjdk-8u262-b10\jre\bin\server\jvm.dll
0x00007fff05870000 - 0x00007fff05878000 	C:\WINDOWS\System32\PSAPI.DLL
0x00007fff00520000 - 0x00007fff00544000 	C:\WINDOWS\SYSTEM32\WINMM.dll
0x00007ffefde80000 - 0x00007ffefde8a000 	C:\WINDOWS\SYSTEM32\VERSION.dll
0x00007ffee5df0000 - 0x00007ffee5df9000 	C:\WINDOWS\SYSTEM32\WSOCK32.dll
0x00007fff072a0000 - 0x00007fff0730f000 	C:\WINDOWS\System32\WS2_32.dll
0x00007fff004f0000 - 0x00007fff0051d000 	C:\WINDOWS\SYSTEM32\WINMMBASE.dll
0x00007fff053e0000 - 0x00007fff0542a000 	C:\WINDOWS\System32\cfgmgr32.dll
0x00007ffef9b90000 - 0x00007ffef9b9f000 	C:\Program Files\OpenJDK\openjdk-8u262-b10\jre\bin\verify.dll
0x00007ffef2e30000 - 0x00007ffef2e59000 	C:\Program Files\OpenJDK\openjdk-8u262-b10\jre\bin\java.dll
0x00007ffeaf9a0000 - 0x00007ffeaf9b6000 	C:\Program Files\OpenJDK\openjdk-8u262-b10\jre\bin\zip.dll
0x00007fff06600000 - 0x00007fff06ce7000 	C:\WINDOWS\System32\SHELL32.dll
0x00007fff05c60000 - 0x00007fff05d09000 	C:\WINDOWS\System32\shcore.dll
0x00007fff04c00000 - 0x00007fff05381000 	C:\WINDOWS\System32\windows.storage.dll
0x00007fff042c0000 - 0x00007fff042e3000 	C:\WINDOWS\System32\profapi.dll
0x00007fff04330000 - 0x00007fff0437a000 	C:\WINDOWS\System32\powrprof.dll
0x00007fff042b0000 - 0x00007fff042c0000 	C:\WINDOWS\System32\UMPDC.dll
0x00007fff05ad0000 - 0x00007fff05b22000 	C:\WINDOWS\System32\shlwapi.dll
0x00007fff04310000 - 0x00007fff04321000 	C:\WINDOWS\System32\kernel.appcore.dll
0x00007fff05390000 - 0x00007fff053a7000 	C:\WINDOWS\System32\cryptsp.dll
0x00007fff02bb0000 - 0x00007fff02da4000 	C:\WINDOWS\SYSTEM32\dbghelp.dll

VM Arguments:
jvm_args: -Xmx64m -Xms64m -Dorg.gradle.appname=gradlew 
java_command: org.gradle.wrapper.GradleWrapperMain app:installDebug -PreactNativeDevServerPort=8081
java_class_path (initial): D:\Projects\ReactNative\Kara\mobile-app\android\\gradle\wrapper\gradle-wrapper.jar
Launcher Type: SUN_STANDARD

Environment Variables:
JAVA_HOME=C:\Program Files\OpenJDK\openjdk-8u262-b10
CLASSPATH=D:\Projects\ReactNative\Kara\mobile-app\android\\gradle\wrapper\gradle-wrapper.jar
PATH=D:\Projects\ReactNative\Kara\mobile-app\android\node_modules\.bin;D:\Projects\ReactNative\Kara\mobile-app\node_modules\.bin;D:\Projects\ReactNative\Kara\node_modules\.bin;D:\Projects\ReactNative\node_modules\.bin;D:\Projects\node_modules\.bin;D:\node_modules\.bin;C:\Program Files\nodejs;D:\Projects\ReactNative\Kara\mobile-app\node_modules\.bin;C:\Program Files (x86)\Common Files\Oracle\Java\javapath;C:\WINDOWS\system32;C:\WINDOWS;C:\WINDOWS\System32\Wbem;C:\WINDOWS\System32\WindowsPowerShell\v1.0\;C:\Program Files\Git\cmd;C:\WINDOWS\System32\OpenSSH\;C:\Program Files\dotnet\;C:\Program Files\Microsoft SQL Server\Client SDK\ODBC\170\Tools\Binn\;C:\Program Files\Intel\WiFi\bin\;C:\Program Files\Common Files\Intel\WirelessCommon\;C:\xampp\php;C:\Go\bin;C:\ProgramData\ComposerSetup\bin;C:\Program Files (x86)\Yarn\bin\;C:\Program Files (x86)\Microsoft SQL Server\150\Tools\Binn\;C:\Program Files\Microsoft SQL Server\150\Tools\Binn\;C:\Program Files\Microsoft SQL Server\150\DTS\Binn\;C:\Program Files (x86)\Microsoft SQL Server\150\DTS\Binn\;C:\Program Files\PostgreSQL\12\bin;C:\ProgramData\chocolatey\bin;C:\Program Files\nodejs\;C:\Program Files\OpenJDK\openjdk-8u262-b10\bin;C:\Python27;C:\Program Files\Microsoft SQL Server\130\Tools\Binn\;C:\Users\Dirga\AppData\Local\Programs\Python\Python37\Scripts\;C:\Users\Dirga\AppData\Local\Programs\Python\Python37\;C:\Ruby\bin;C:\Users\Dirga\AppData\Local\Microsoft\WindowsApps;C:\Users\Dirga\AppData\Local\Programs\Microsoft VS Code\bin;C:\Users\Dirga\.dotnet\tools;C:\Users\Dirga\go\bin;C:\Users\Dirga\AppData\Roaming\Composer\vendor\bin;C:\Users\Dirga\AppData\Local\Yarn\bin;C:\Program Files\PostgreSQL\12\bin;C:\Users\Dirga\AppData\Roaming\npm;C:\Python27;C:\Users\Dirga\AppData\Local\Android\Sdk\platform-tools;C:\Users\Dirga\.dotnet\tools
USERNAME=Dirga
OS=Windows_NT
PROCESSOR_IDENTIFIER=Intel64 Family 6 Model 142 Stepping 10, GenuineIntel



---------------  S Y S T E M  ---------------

OS: Windows 10.0 , 64 bit Build 18362 (10.0.18362.1110)

CPU:total 8 (initial active 8) (4 cores per cpu, 2 threads per core) family 6 model 142 stepping 10, cmov, cx8, fxsr, mmx, sse, sse2, sse3, ssse3, sse4.1, sse4.2, popcnt, avx, avx2, aes, clmul, erms, 3dnowpref, lzcnt, ht, tsc, tscinvbit, bmi1, bmi2, adx

Memory: 4k page, physical 16657056k(8207108k free), swap 24793196k(10463968k free)

vm_info: OpenJDK 64-Bit Server VM (25.262-b10) for windows-amd64 JRE (1.8.0_262-b10), built on Jul 13 2020 11:27:33 by "build" with MS VC++ 10.0 (VS2010)

time: Wed Nov 18 13:33:46 2020
timezone: SE Asia Standard Time
elapsed time: 0 seconds (0d 0h 0m 0s)

